---------OPEN ZOO---------------
Open Zoo
-----------ROLL CALL ANIMALS--------------
Cooper is Present
Chandler is not Present
Danny is Present
Debby is not Present
Elda is Present
Emma is not Present
Howard is Present
Hofstedar is not Present
Lilly is Present
Lita is not Present
Rachel is Present
Ross is not Present
Tony is Present
Timmy is not Present
Wendy is Present
William is not Present
---------WAKEUP ANIMALS----------
Cooper is waking up
Danny is waking up
Elda is waking up
Howard is waking up
Lilly is waking up
Rachel is waking up
Tony is waking up
Wendy is waking up
------------EXERCISE ANIMALS----------
Cooper is roaming quietly
Danny is roaming  aggressively
Elda is roaming slowly
Howard is roaming slowly
Lilly is roaming quietly
Rachel is roaming slowly
Tony is roaming quietly
Wendy is roaming  aggressively
-------FEED ANIMALS------------
Cooper is eating light meat
Danny is eating meat
Elda is eating grass
Howard is eating grass
Lilly is eating light meat
Rachel is eating grass
Tony is eating light meat
Wendy is eating meat
-----------CAT RANDOM BEHAVIOUR----------
Cooper is eating light meat
-------SHUTTING DOWN-----------
Shut Down Zoo
